2023-05-16 10:05:529 INFO  HomePage :104 - Select Electronics menu : [[ChromeDriver: chrome on WINDOWS (81bd1012bd68c6a12686a3a0e497fa75)] -> xpath: //ul[@class='top-menu notmobile']//a[normalize-space()='Electronics']]
2023-05-16 10:05:703 INFO  HomePage :113 - Select mobile phone menu : [[ChromeDriver: chrome on WINDOWS (81bd1012bd68c6a12686a3a0e497fa75)] -> xpath: //ul[@class='top-menu notmobile']//a[normalize-space()='Cell phones']]
2023-05-16 10:05:329 INFO  HomePage :61 - Get Cell Phone Text : [[ChromeDriver: chrome on WINDOWS (81bd1012bd68c6a12686a3a0e497fa75)] -> xpath: //h1[normalize-space()='Cell phones']]
2023-05-16 10:05:372 INFO  HomePage :69 - Click on List View Icon  : [[ChromeDriver: chrome on WINDOWS (81bd1012bd68c6a12686a3a0e497fa75)] -> xpath: //a[normalize-space()='List']]
2023-05-16 10:05:444 INFO  HomePage :81 - Click on Phone option  : 
2023-05-16 10:05:582 INFO  HomePage :93 - Get Product name Text  : [[ChromeDriver: chrome on WINDOWS (81bd1012bd68c6a12686a3a0e497fa75)] -> xpath: //h1[normalize-space()='Nokia Lumia 1020']]
2023-05-16 10:05:632 INFO  HomePage :105 - Get Price Text  : [[ChromeDriver: chrome on WINDOWS (81bd1012bd68c6a12686a3a0e497fa75)] -> xpath: //div[@class='product-price']//span[normalize-space()='$349.00']]
2023-05-16 10:05:700 INFO  HomePage :117 - Update the order qty.  : [[ChromeDriver: chrome on WINDOWS (81bd1012bd68c6a12686a3a0e497fa75)] -> xpath: //input[@id='product_enteredQuantity_20']]
2023-05-16 10:05:71 INFO  HomePage :129 - Click on add to cart button  : [[ChromeDriver: chrome on WINDOWS (81bd1012bd68c6a12686a3a0e497fa75)] -> xpath: //button[@id='add-to-cart-button-20']]
2023-05-16 10:05:235 INFO  HomePage :141 - Verify product added successfully in shopping cart  : [[ChromeDriver: chrome on WINDOWS (81bd1012bd68c6a12686a3a0e497fa75)] -> xpath: //div[@id='bar-notification']]
2023-05-16 10:05:299 INFO  HomePage :163 - Close the notification bar  : [[ChromeDriver: chrome on WINDOWS (81bd1012bd68c6a12686a3a0e497fa75)] -> xpath: //body/div[@id='bar-notification']/div[1]/span[1]]
2023-05-16 10:05:442 INFO  HomePage :123 - Click on shopping cart button : [[ChromeDriver: chrome on WINDOWS (81bd1012bd68c6a12686a3a0e497fa75)] -> xpath: //span[@class='cart-label']]
2023-05-16 10:05:628 INFO  HomePage :134 - Click on got to cart button : [[ChromeDriver: chrome on WINDOWS (81bd1012bd68c6a12686a3a0e497fa75)] -> xpath: //button[normalize-space()='Go to cart']]
2023-05-16 10:05:220 INFO  HomePage :54 - Verify shopping cart message : [[ChromeDriver: chrome on WINDOWS (81bd1012bd68c6a12686a3a0e497fa75)] -> xpath: //h1[normalize-space()='Shopping cart']]
2023-05-16 10:05:39 INFO  HomePage :196 - Mousehover on shopping cart and click : [[ChromeDriver: chrome on WINDOWS (81bd1012bd68c6a12686a3a0e497fa75)] -> xpath: //button[normalize-space()='Go to cart']]
2023-05-16 10:05:133 INFO  HomePage :54 - Verify shopping cart message : [[ChromeDriver: chrome on WINDOWS (81bd1012bd68c6a12686a3a0e497fa75)] -> xpath: //h1[normalize-space()='Shopping cart']]
2023-05-16 10:05:805 INFO  HomePage :49 - Click on computer menu : [[ChromeDriver: chrome on WINDOWS (12643bac84fd6d4abaf227643554a884)] -> xpath: //ul[@class='top-menu notmobile']//a[normalize-space()='Computers']]
2023-05-16 10:05:199 INFO  HomePage :55 - Select shopping option : [[ChromeDriver: chrome on WINDOWS (12643bac84fd6d4abaf227643554a884)] -> xpath: //select[@id='products-orderby']]
2023-05-16 10:05:447 INFO  HomePage :68 - Click on add to cart by product name : 
2023-05-16 10:05:724 INFO  HomePage :65 - Get text Build your own computer Tex : [[ChromeDriver: chrome on WINDOWS (12643bac84fd6d4abaf227643554a884)] -> xpath: //h1[normalize-space()='Build your own computer']]
2023-05-16 10:05:162 INFO  HomePage :104 - Select Electronics menu : [[ChromeDriver: chrome on WINDOWS (0a69bd771689a1a0e4e18beed5d8d213)] -> xpath: //ul[@class='top-menu notmobile']//a[normalize-space()='Electronics']]
2023-05-16 10:05:308 INFO  HomePage :113 - Select mobile phone menu : [[ChromeDriver: chrome on WINDOWS (0a69bd771689a1a0e4e18beed5d8d213)] -> xpath: //ul[@class='top-menu notmobile']//a[normalize-space()='Cell phones']]
2023-05-16 10:05:895 INFO  HomePage :61 - Get Cell Phone Text : [[ChromeDriver: chrome on WINDOWS (0a69bd771689a1a0e4e18beed5d8d213)] -> xpath: //h1[normalize-space()='Cell phones']]
2023-05-16 10:05:690 INFO  HomePage :104 - Select Electronics menu : [[ChromeDriver: chrome on WINDOWS (1b6029e4a7eec4a6c2ecc44073af7810)] -> xpath: //ul[@class='top-menu notmobile']//a[normalize-space()='Electronics']]
2023-05-16 10:05:841 INFO  HomePage :113 - Select mobile phone menu : [[ChromeDriver: chrome on WINDOWS (1b6029e4a7eec4a6c2ecc44073af7810)] -> xpath: //ul[@class='top-menu notmobile']//a[normalize-space()='Cell phones']]
2023-05-16 10:05:842 INFO  HomePage :61 - Get Cell Phone Text : [[ChromeDriver: chrome on WINDOWS (1b6029e4a7eec4a6c2ecc44073af7810)] -> xpath: //h1[normalize-space()='Cell phones']]
2023-05-16 10:05:875 INFO  HomePage :69 - Click on List View Icon  : [[ChromeDriver: chrome on WINDOWS (1b6029e4a7eec4a6c2ecc44073af7810)] -> xpath: //a[normalize-space()='List']]
2023-05-16 10:05:933 INFO  HomePage :81 - Click on Phone option  : 
2023-05-16 10:05:758 INFO  HomePage :93 - Get Product name Text  : [[ChromeDriver: chrome on WINDOWS (1b6029e4a7eec4a6c2ecc44073af7810)] -> xpath: //h1[normalize-space()='Nokia Lumia 1020']]
2023-05-16 10:05:793 INFO  HomePage :105 - Get Price Text  : [[ChromeDriver: chrome on WINDOWS (1b6029e4a7eec4a6c2ecc44073af7810)] -> xpath: //div[@class='product-price']//span[normalize-space()='$349.00']]
2023-05-16 10:05:838 INFO  HomePage :117 - Update the order qty.  : [[ChromeDriver: chrome on WINDOWS (1b6029e4a7eec4a6c2ecc44073af7810)] -> xpath: //input[@id='product_enteredQuantity_20']]
2023-05-16 10:05:181 INFO  HomePage :129 - Click on add to cart button  : [[ChromeDriver: chrome on WINDOWS (1b6029e4a7eec4a6c2ecc44073af7810)] -> xpath: //button[@id='add-to-cart-button-20']]
2023-05-16 10:05:344 INFO  HomePage :141 - Verify product added successfully in shopping cart  : [[ChromeDriver: chrome on WINDOWS (1b6029e4a7eec4a6c2ecc44073af7810)] -> xpath: //div[@id='bar-notification']]
2023-05-16 10:05:426 INFO  HomePage :163 - Close the notification bar  : [[ChromeDriver: chrome on WINDOWS (1b6029e4a7eec4a6c2ecc44073af7810)] -> xpath: //body/div[@id='bar-notification']/div[1]/span[1]]
2023-05-16 10:05:555 INFO  HomePage :123 - Click on shopping cart button : [[ChromeDriver: chrome on WINDOWS (1b6029e4a7eec4a6c2ecc44073af7810)] -> xpath: //span[@class='cart-label']]
2023-05-16 10:05:728 INFO  HomePage :134 - Click on got to cart button : [[ChromeDriver: chrome on WINDOWS (1b6029e4a7eec4a6c2ecc44073af7810)] -> xpath: //button[normalize-space()='Go to cart']]
2023-05-16 10:05:461 INFO  HomePage :54 - Verify shopping cart message : [[ChromeDriver: chrome on WINDOWS (1b6029e4a7eec4a6c2ecc44073af7810)] -> xpath: //h1[normalize-space()='Shopping cart']]
2023-05-16 10:05:142 INFO  HomePage :196 - Mousehover on shopping cart and click : [[ChromeDriver: chrome on WINDOWS (1b6029e4a7eec4a6c2ecc44073af7810)] -> xpath: //button[normalize-space()='Go to cart']]
2023-05-16 10:05:165 INFO  HomePage :54 - Verify shopping cart message : [[ChromeDriver: chrome on WINDOWS (1b6029e4a7eec4a6c2ecc44073af7810)] -> xpath: //h1[normalize-space()='Shopping cart']]
2023-05-16 10:05:78 INFO  HomePage :49 - Click on computer menu : [[ChromeDriver: chrome on WINDOWS (c26348d0a65c595fff5a4f7c74d9104f)] -> xpath: //ul[@class='top-menu notmobile']//a[normalize-space()='Computers']]
2023-05-16 10:05:235 INFO  HomePage :49 - Click on computer menu : [[ChromeDriver: chrome on WINDOWS (2bc924dbd148f4978d93b854dcd2b61b)] -> xpath: //ul[@class='top-menu notmobile']//a[normalize-space()='Computers']]
2023-05-16 10:05:107 INFO  HomePage :55 - Select shopping option : [[ChromeDriver: chrome on WINDOWS (2bc924dbd148f4978d93b854dcd2b61b)] -> xpath: //select[@id='products-orderby']]
2023-05-16 10:05:346 INFO  HomePage :68 - Click on add to cart by product name : 
2023-05-16 10:05:842 INFO  HomePage :65 - Get text Build your own computer Tex : [[ChromeDriver: chrome on WINDOWS (2bc924dbd148f4978d93b854dcd2b61b)] -> xpath: //h1[normalize-space()='Build your own computer']]
2023-05-16 10:05:684 INFO  HomePage :59 - Click on login button : [[ChromeDriver: chrome on WINDOWS (c9b8bfa5b89b7b18a1f9f3b84d490fa3)] -> xpath: //a[normalize-space()='Log in']]
2023-05-16 10:05:118 INFO  HomePage :42 - Verify welcome message : [[ChromeDriver: chrome on WINDOWS (c9b8bfa5b89b7b18a1f9f3b84d490fa3)] -> xpath: //h1[contains(text(),'Welcome, Please Sign In!')]]
2023-05-16 10:05:111 INFO  HomePage :43 - Select Menu : Electronics
2023-05-16 10:05:135 INFO  HomePage :31 - Get Electronic Tab Text :[[ChromeDriver: chrome on WINDOWS (c9b8bfa5b89b7b18a1f9f3b84d490fa3)] -> xpath: //h1[normalize-space()='Electronics']]
2023-05-16 10:05:948 INFO  HomePage :104 - Select Electronics menu : [[ChromeDriver: chrome on WINDOWS (19c4ee2bb96b4170b85346fb8e305bf0)] -> xpath: //ul[@class='top-menu notmobile']//a[normalize-space()='Electronics']]
2023-05-16 10:05:121 INFO  HomePage :113 - Select mobile phone menu : [[ChromeDriver: chrome on WINDOWS (19c4ee2bb96b4170b85346fb8e305bf0)] -> xpath: //ul[@class='top-menu notmobile']//a[normalize-space()='Cell phones']]
2023-05-16 10:05:168 INFO  HomePage :61 - Get Cell Phone Text : [[ChromeDriver: chrome on WINDOWS (19c4ee2bb96b4170b85346fb8e305bf0)] -> xpath: //h1[normalize-space()='Cell phones']]
2023-05-16 10:05:31 INFO  HomePage :104 - Select Electronics menu : [[ChromeDriver: chrome on WINDOWS (c23b63a3f307331029dd1a6eb16f657c)] -> xpath: //ul[@class='top-menu notmobile']//a[normalize-space()='Electronics']]
2023-05-16 10:05:186 INFO  HomePage :113 - Select mobile phone menu : [[ChromeDriver: chrome on WINDOWS (c23b63a3f307331029dd1a6eb16f657c)] -> xpath: //ul[@class='top-menu notmobile']//a[normalize-space()='Cell phones']]
2023-05-16 10:05:154 INFO  HomePage :61 - Get Cell Phone Text : [[ChromeDriver: chrome on WINDOWS (c23b63a3f307331029dd1a6eb16f657c)] -> xpath: //h1[normalize-space()='Cell phones']]
2023-05-16 10:05:189 INFO  HomePage :69 - Click on List View Icon  : [[ChromeDriver: chrome on WINDOWS (c23b63a3f307331029dd1a6eb16f657c)] -> xpath: //a[normalize-space()='List']]
2023-05-16 10:05:263 INFO  HomePage :81 - Click on Phone option  : 
2023-05-16 10:05:449 INFO  HomePage :104 - Select Electronics menu : [[ChromeDriver: chrome on WINDOWS (4610a57a6103da9116ff8aa3fc2b1067)] -> xpath: //ul[@class='top-menu notmobile']//a[normalize-space()='Electronics']]
2023-05-16 10:05:595 INFO  HomePage :113 - Select mobile phone menu : [[ChromeDriver: chrome on WINDOWS (4610a57a6103da9116ff8aa3fc2b1067)] -> xpath: //ul[@class='top-menu notmobile']//a[normalize-space()='Cell phones']]
2023-05-16 10:05:768 INFO  HomePage :61 - Get Cell Phone Text : [[ChromeDriver: chrome on WINDOWS (4610a57a6103da9116ff8aa3fc2b1067)] -> xpath: //h1[normalize-space()='Cell phones']]
2023-05-16 10:05:853 INFO  HomePage :69 - Click on List View Icon  : [[ChromeDriver: chrome on WINDOWS (4610a57a6103da9116ff8aa3fc2b1067)] -> xpath: //a[normalize-space()='List']]
2023-05-16 10:05:998 INFO  HomePage :81 - Click on Phone option  : 
2023-05-16 10:05:846 INFO  HomePage :93 - Get Product name Text  : [[ChromeDriver: chrome on WINDOWS (4610a57a6103da9116ff8aa3fc2b1067)] -> xpath: //h1[normalize-space()='Nokia Lumia 1020']]
2023-05-16 10:05:892 INFO  HomePage :105 - Get Price Text  : [[ChromeDriver: chrome on WINDOWS (4610a57a6103da9116ff8aa3fc2b1067)] -> xpath: //div[@class='product-price']//span[normalize-space()='$349.00']]
2023-05-16 10:05:958 INFO  HomePage :117 - Update the order qty.  : [[ChromeDriver: chrome on WINDOWS (4610a57a6103da9116ff8aa3fc2b1067)] -> xpath: //input[@id='product_enteredQuantity_20']]
2023-05-16 10:05:323 INFO  HomePage :129 - Click on add to cart button  : [[ChromeDriver: chrome on WINDOWS (4610a57a6103da9116ff8aa3fc2b1067)] -> xpath: //button[@id='add-to-cart-button-20']]
2023-05-16 10:05:483 INFO  HomePage :141 - Verify product added successfully in shopping cart  : [[ChromeDriver: chrome on WINDOWS (4610a57a6103da9116ff8aa3fc2b1067)] -> xpath: //div[@id='bar-notification']]
2023-05-16 10:05:542 INFO  HomePage :163 - Close the notification bar  : [[ChromeDriver: chrome on WINDOWS (4610a57a6103da9116ff8aa3fc2b1067)] -> xpath: //body/div[@id='bar-notification']/div[1]/span[1]]
2023-05-16 10:05:670 INFO  HomePage :123 - Click on shopping cart button : [[ChromeDriver: chrome on WINDOWS (4610a57a6103da9116ff8aa3fc2b1067)] -> xpath: //span[@class='cart-label']]
2023-05-16 10:05:859 INFO  HomePage :134 - Click on got to cart button : [[ChromeDriver: chrome on WINDOWS (4610a57a6103da9116ff8aa3fc2b1067)] -> xpath: //button[normalize-space()='Go to cart']]
2023-05-16 10:05:394 INFO  HomePage :54 - Verify shopping cart message : [[ChromeDriver: chrome on WINDOWS (4610a57a6103da9116ff8aa3fc2b1067)] -> xpath: //h1[normalize-space()='Shopping cart']]
2023-05-16 10:05:26 INFO  HomePage :196 - Mousehover on shopping cart and click : [[ChromeDriver: chrome on WINDOWS (4610a57a6103da9116ff8aa3fc2b1067)] -> xpath: //button[normalize-space()='Go to cart']]
2023-05-16 10:05:64 INFO  HomePage :54 - Verify shopping cart message : [[ChromeDriver: chrome on WINDOWS (4610a57a6103da9116ff8aa3fc2b1067)] -> xpath: //h1[normalize-space()='Shopping cart']]
2023-05-16 10:05:409 INFO  HomePage :49 - Click on computer menu : [[ChromeDriver: chrome on WINDOWS (2a77aff1c719fdb6e504e9848f53330b)] -> xpath: //ul[@class='top-menu notmobile']//a[normalize-space()='Computers']]
2023-05-16 10:05:667 INFO  HomePage :55 - Select shopping option : [[ChromeDriver: chrome on WINDOWS (2a77aff1c719fdb6e504e9848f53330b)] -> xpath: //select[@id='products-orderby']]
2023-05-16 10:05:925 INFO  HomePage :68 - Click on add to cart by product name : 
2023-05-16 10:05:25 INFO  HomePage :65 - Get text Build your own computer Tex : [[ChromeDriver: chrome on WINDOWS (2a77aff1c719fdb6e504e9848f53330b)] -> xpath: //h1[normalize-space()='Build your own computer']]
